[    0.000000] Initializing cgroup subsys cpuset
[    0.000000] Initializing cgroup subsys cpu
[    0.000000] Initializing cgroup subsys cpuacct
[    0.000000] Linux version 4.4.0-116-generic (buildd@lgw01-amd64-021) (gcc version 5.4.0 20160609 (Ubuntu 5.4.0-6ubuntu1~16.04.9) ) #140-Ubuntu SMP Mon Feb 12 21:23:04 UTC 2018 (Ubuntu 4.4.0-116.140-generic 4.4.98)
[    0.000000] Command line: BOOT_IMAGE=/boot/vmlinuz-4.4.0-116-generic root=LABEL=cloudimg-rootfs ro console=tty1 console=ttyS0
[    0.000000] KERNEL supported cpus:
[    0.000000]   Intel GenuineIntel
[    0.000000]   AMD AuthenticAMD
[    0.000000]   Centaur CentaurHauls
[    0.000000] x86/fpu: xstate_offset[2]:  576, xstate_sizes[2]:  256
[    0.000000] x86/fpu: Supporting XSAVE feature 0x01: 'x87 floating point registers'
[    0.000000] x86/fpu: Supporting XSAVE feature 0x02: 'SSE registers'
[    0.000000] x86/fpu: Supporting XSAVE feature 0x04: 'AVX registers'
[    0.000000] x86/fpu: Enabled xstate features 0x7, context size is 832 bytes, using 'standard' format.
[    0.000000] x86/fpu: Using 'lazy' FPU context switches.
[    0.000000] e820: BIOS-provided physical RAM map:
[    0.000000] BIOS-e820: [mem 0x0000000000000000-0x000000000009fbff] usable
[    0.000000] BIOS-e820: [mem 0x000000000009fc00-0x000000000009ffff] reserved
[    0.000000] BIOS-e820: [mem 0x00000000000f0000-0x00000000000fffff] reserved
[    0.000000] BIOS-e820: [mem 0x0000000000100000-0x000000007ffeffff] usable
[    0.000000] BIOS-e820: [mem 0x000000007fff0000-0x000000007fffffff] ACPI data
[    0.000000] BIOS-e820: [mem 0x00000000fec00000-0x00000000fec00fff] reserved
[    0.000000] BIOS-e820: [mem 0x00000000fee00000-0x00000000fee00fff] reserved
[    0.000000] BIOS-e820: [mem 0x00000000fffc0000-0x00000000ffffffff] reserved
[    0.000000] NX (Execute Disable) protection: active
[    0.000000] SMBIOS 2.5 present.
[    0.000000] Hypervisor detected: KVM
[    0.000000] e820: last_pfn = 0x7fff0 max_arch_pfn = 0x400000000
[    0.000000] MTRR: Disabled
[    0.000000] x86/PAT: MTRRs disabled, skipping PAT initialization too.
[    0.000000] CPU MTRRs all blank - virtualized system.
[    0.000000] x86/PAT: Configuration [0-7]: WB  WT  UC- UC  WB  WT  UC- UC  
[    0.000000] found SMP MP-table at [mem 0x0009fff0-0x0009ffff] mapped at [ffff88000009fff0]
[    0.000000] Scanning 1 areas for low memory corruption
[    0.000000] RAMDISK: [mem 0x36ac2000-0x37558fff]
[    0.000000] ACPI: Early table checksum verification disabled
[    0.000000] ACPI: RSDP 0x00000000000E0000 000024 (v02 VBOX  )
[    0.000000] ACPI: XSDT 0x000000007FFF0030 00003C (v01 VBOX   VBOXXSDT 00000001 ASL  00000061)
[    0.000000] ACPI: FACP 0x000000007FFF00F0 0000F4 (v04 VBOX   VBOXFACP 00000001 ASL  00000061)
[    0.000000] ACPI: DSDT 0x000000007FFF0470 0021FF (v02 VBOX   VBOXBIOS 00000002 INTL 20100528)
[    0.000000] ACPI: FACS 0x000000007FFF0200 000040
[    0.000000] ACPI: FACS 0x000000007FFF0200 000040
[    0.000000] ACPI: APIC 0x000000007FFF0240 00005C (v02 VBOX   VBOXAPIC 00000001 ASL  00000061)
[    0.000000] ACPI: SSDT 0x000000007FFF02A0 0001CC (v01 VBOX   VBOXCPUT 00000002 INTL 20100528)
[    0.000000] No NUMA configuration found
[    0.000000] Faking a node at [mem 0x0000000000000000-0x000000007ffeffff]
[    0.000000] NODE_DATA(0) allocated [mem 0x7ffeb000-0x7ffeffff]
[    0.000000] kvm-clock: Using msrs 4b564d01 and 4b564d00
[    0.000000] kvm-clock: cpu 0, msr 0:7ffe3001, primary cpu clock
[    0.000000] kvm-clock: using sched offset of 3169483871 cycles
[    0.000000] clocksource: kvm-clock: mask: 0xffffffffffffffff max_cycles: 0x1cd42e4dffb, max_idle_ns: 881590591483 ns
[    0.000000] Zone ranges:
[    0.000000]   DMA      [mem 0x0000000000001000-0x0000000000ffffff]
[    0.000000]   DMA32    [mem 0x0000000001000000-0x000000007ffeffff]
[    0.000000]   Normal   empty
[    0.000000]   Device   empty
[    0.000000] Movable zone start for each node
[    0.000000] Early memory node ranges
[    0.000000]   node   0: [mem 0x0000000000001000-0x000000000009efff]
[    0.000000]   node   0: [mem 0x0000000000100000-0x000000007ffeffff]
[    0.000000] Initmem setup node 0 [mem 0x0000000000001000-0x000000007ffeffff]
[    0.000000] ACPI: PM-Timer IO Port: 0x4008
[    0.000000] IOAPIC[0]: apic_id 2, version 32, address 0xfec00000, GSI 0-23
[    0.000000] ACPI: INT_SRC_OVR (bus 0 bus_irq 0 global_irq 2 dfl dfl)
[    0.000000] ACPI: INT_SRC_OVR (bus 0 bus_irq 9 global_irq 9 high level)
[    0.000000] Using ACPI (MADT) for SMP configuration information
[    0.000000] smpboot: Allowing 2 CPUs, 0 hotplug CPUs
[    0.000000] PM: Registered nosave memory: [mem 0x00000000-0x00000fff]
[    0.000000] PM: Registered nosave memory: [mem 0x0009f000-0x0009ffff]
[    0.000000] PM: Registered nosave memory: [mem 0x000a0000-0x000effff]
[    0.000000] PM: Registered nosave memory: [mem 0x000f0000-0x000fffff]
[    0.000000] e820: [mem 0x80000000-0xfebfffff] available for PCI devices
[    0.000000] Booting paravirtualized kernel on KVM
[    0.000000] clocksource: refined-jiffies: mask: 0xffffffff max_cycles: 0xffffffff, max_idle_ns: 7645519600211568 ns
[    0.000000] setup_percpu: NR_CPUS:512 nr_cpumask_bits:512 nr_cpu_ids:2 nr_node_ids:1
[    0.000000] PERCPU: Embedded 34 pages/cpu @ffff88007fc00000 s99544 r8192 d31528 u1048576
[    0.000000] PV qspinlock hash table entries: 256 (order: 0, 4096 bytes)
[    0.000000] Built 1 zonelists in Node order, mobility grouping on.  Total pages: 515961
[    0.000000] Policy zone: DMA32
[    0.000000] Kernel command line: BOOT_IMAGE=/boot/vmlinuz-4.4.0-116-generic root=LABEL=cloudimg-rootfs ro console=tty1 console=ttyS0
[    0.000000] PID hash table entries: 4096 (order: 3, 32768 bytes)
[    0.000000] Memory: 2033880K/2096696K available (8530K kernel code, 1309K rwdata, 3992K rodata, 1508K init, 1316K bss, 62816K reserved, 0K cma-reserved)
[    0.000000] SLUB: HWalign=64, Order=0-3, MinObjects=0, CPUs=2, Nodes=1
[    0.000000] Kernel/User page tables isolation: enabled
[    0.000000] Hierarchical RCU implementation.
[    0.000000] 	Build-time adjustment of leaf fanout to 64.
[    0.000000] 	RCU restricting CPUs from NR_CPUS=512 to nr_cpu_ids=2.
[    0.000000] RCU: Adjusting geometry for rcu_fanout_leaf=64, nr_cpu_ids=2
[    0.000000] NR_IRQS:33024 nr_irqs:440 16
[    0.000000] Console: colour VGA+ 80x25
[    0.000000] console [tty1] enabled
[    0.000000] console [ttyS0] enabled
[    0.000000] tsc: Detected 2195.014 MHz processor
[    3.062585] Calibrating delay loop (skipped) preset value.. 4390.02 BogoMIPS (lpj=8780056)
[    3.064496] pid_max: default: 32768 minimum: 301
[    3.115673] ACPI: Core revision 20150930
[    3.121713] ACPI: 2 ACPI AML tables successfully acquired and loaded
[    3.184353] Security Framework initialized
[    3.208000] Yama: becoming mindful.
[    3.208913] AppArmor: AppArmor initialized
[    3.211981] Dentry cache hash table entries: 262144 (order: 9, 2097152 bytes)
[    3.228774] Inode-cache hash table entries: 131072 (order: 8, 1048576 bytes)
[    3.234274] Mount-cache hash table entries: 4096 (order: 3, 32768 bytes)
[    3.277851] Mountpoint-cache hash table entries: 4096 (order: 3, 32768 bytes)
[    3.296327] Initializing cgroup subsys io
[    3.298837] Initializing cgroup subsys memory
[    3.299826] Initializing cgroup subsys devices
[    3.303560] Initializing cgroup subsys freezer
[    3.304600] Initializing cgroup subsys net_cls
[    3.305656] Initializing cgroup subsys perf_event
[    3.315264] Initializing cgroup subsys net_prio
[    3.325247] Initializing cgroup subsys hugetlb
[    3.340277] Initializing cgroup subsys pids
[    3.341351] CPU: Physical Processor ID: 0
[    3.375400] CPU: Processor Core ID: 0
[    3.386832] FEATURE SPEC_CTRL Not Present
[    3.395903] mce: CPU supports 0 MCE banks
[    3.396908] Last level iTLB entries: 4KB 512, 2MB 8, 4MB 8
[    3.400621] Last level dTLB entries: 4KB 512, 2MB 32, 4MB 32, 1GB 0
[    3.419953] Spectre V2 mitigation: Mitigation: Full generic retpoline
[    3.443211] Spectre V2 mitigation: Speculation control IBPB not-supported IBRS not-supported
[    3.448498] Freeing SMP alternatives memory: 32K
[    3.475430] ftrace: allocating 32186 entries in 126 pages
[    3.569353] smpboot: APIC(0) Converting physical 0 to logical package 0
[    3.661886] smpboot: Max logical packages: 1
[    3.676331] x2apic enabled
[    3.677363] Switched APIC routing to physical x2apic.
[    3.708435] ..TIMER: vector=0x30 apic1=0 pin1=2 apic2=-1 pin2=-1
[    3.857199] smpboot: CPU0: Intel(R) Core(TM) i7-2670QM CPU @ 2.20GHz (family: 0x6, model: 0x2a, stepping: 0x7)
[    3.976751] Performance Events: unsupported p6 CPU model 42 no PMU driver, software events only.
[    4.039442] KVM setup paravirtual spinlock
[    4.114938] x86: Booting SMP configuration:
[    4.134786] .... node  #0, CPUs:      #1
[    4.145781] kvm-clock: cpu 1, msr 0:7ffe3041, secondary cpu clock
[    4.157274] mce: CPU supports 0 MCE banks
[    4.159905] x86: Booted up 1 node, 2 CPUs
[    4.163546] smpboot: Total of 2 processors activated (8780.05 BogoMIPS)
[    4.250648] devtmpfs: initialized
[    4.272655] evm: security.selinux
[    4.342022] evm: security.SMACK64
[    4.348964] evm: security.SMACK64EXEC
[    4.418564] evm: security.SMACK64TRANSMUTE
[    4.431051] evm: security.SMACK64MMAP
[    4.431965] evm: security.ima
[    4.432753] evm: security.capability
[    4.437251] clocksource: jiffies: mask: 0xffffffff max_cycles: 0xffffffff, max_idle_ns: 7645041785100000 ns
[    4.634983] futex hash table entries: 512 (order: 3, 32768 bytes)
[    4.703611] pinctrl core: initialized pinctrl subsystem
[    4.821226] RTC time: 21:27:42, date: 03/15/18
[    4.946248] NET: Registered protocol family 16
[    5.014239] cpuidle: using governor ladder
[    5.142113] cpuidle: using governor menu
[    5.246075] PCCT header not found.
[    5.281501] ACPI: bus type PCI registered
[    5.282517] acpiphp: ACPI Hot Plug PCI Controller Driver version: 0.5
[    5.284037] PCI: Using configuration type 1 for base access
[    5.330450] ACPI: Added _OSI(Module Device)
[    5.358562] ACPI: Added _OSI(Processor Device)
[    5.446532] ACPI: Added _OSI(3.0 _SCP Extensions)
[    5.447636] ACPI: Added _OSI(Processor Aggregator Device)
[    5.449710] ACPI: Executed 1 blocks of module-level executable AML code
[    5.453404] ACPI: Interpreter enabled
[    5.540347] ACPI: (supports S0 S5)
[    5.598555] ACPI: Using IOAPIC for interrupt routing
[    5.646193] PCI: Using host bridge windows from ACPI; if necessary, use "pci=nocrs" and report a bug
[    5.728701] ACPI: PCI Root Bridge [PCI0] (domain 0000 [bus 00-ff])
[    5.776178] acpi PNP0A03:00: _OSC: OS supports [ASPM ClockPM Segments MSI]
[    5.879292] acpi PNP0A03:00: _OSC: not requesting OS control; OS requires [ExtendedConfig ASPM ClockPM MSI]
[    6.049755] acpi PNP0A03:00: fail to add MMCONFIG information, can't access extended PCI configuration space under this bridge.
[    6.260766] PCI host bridge to bus 0000:00
[    6.261825] pci_bus 0000:00: root bus resource [io  0x0000-0x0cf7 window]
[    6.263285] pci_bus 0000:00: root bus resource [io  0x0d00-0xffff window]
[    6.264752] pci_bus 0000:00: root bus resource [mem 0x000a0000-0x000bffff window]
[    6.267790] pci_bus 0000:00: root bus resource [mem 0x80000000-0xffdfffff window]
[    6.410236] pci_bus 0000:00: root bus resource [bus 00-ff]
[    6.413663] pci 0000:00:01.1: legacy IDE quirk: reg 0x10: [io  0x01f0-0x01f7]
[    6.598275] pci 0000:00:01.1: legacy IDE quirk: reg 0x14: [io  0x03f6]
[    6.738350] pci 0000:00:01.1: legacy IDE quirk: reg 0x18: [io  0x0170-0x0177]
[    6.848329] pci 0000:00:01.1: legacy IDE quirk: reg 0x1c: [io  0x0376]
[    6.955650] pci 0000:00:07.0: quirk: [io  0x4000-0x403f] claimed by PIIX4 ACPI
[    6.998357] pci 0000:00:07.0: quirk: [io  0x4100-0x410f] claimed by PIIX4 SMB
[    7.102573] ACPI: PCI Interrupt Link [LNKA] (IRQs 5 9 10 *11)
[    7.166182] ACPI: PCI Interrupt Link [LNKB] (IRQs 5 9 10 *11)
[    7.168023] ACPI: PCI Interrupt Link [LNKC] (IRQs 5 9 *10 11)
[    7.169793] ACPI: PCI Interrupt Link [LNKD] (IRQs 5 *9 10 11)
[    7.223676] ACPI: Enabled 2 GPEs in block 00 to 07
[    7.226617] vgaarb: setting as boot device: PCI:0000:00:02.0
[    7.229311] vgaarb: device added: PCI:0000:00:02.0,decodes=io+mem,owns=io+mem,locks=none
[    7.233679] vgaarb: loaded
[    7.234463] vgaarb: bridge control possible 0000:00:02.0
[    7.262969] SCSI subsystem initialized
[    7.343058] ACPI: bus type USB registered
[    7.411142] usbcore: registered new interface driver usbfs
[    7.447065] usbcore: registered new interface driver hub
[    7.448294] usbcore: registered new device driver usb
[    7.515433] PCI: Using ACPI for IRQ routing
[    7.516826] NetLabel: Initializing
[    7.517714] NetLabel:  domain hash size = 128
[    7.518737] NetLabel:  protocols = UNLABELED CIPSOv4
[    7.587811] NetLabel:  unlabeled traffic allowed by default
[    7.589194] amd_nb: Cannot enumerate AMD northbridges
[    7.613279] clocksource: Switched to clocksource kvm-clock
[    7.757421] AppArmor: AppArmor Filesystem Enabled
[    7.882552] pnp: PnP ACPI init
[    7.975401] pnp: PnP ACPI: found 3 devices
[    8.093789] clocksource: acpi_pm: mask: 0xffffff max_cycles: 0xffffff, max_idle_ns: 2085701024 ns
[    8.210842] NET: Registered protocol family 2
[    8.250970] TCP established hash table entries: 16384 (order: 5, 131072 bytes)
[    8.256783] TCP bind hash table entries: 16384 (order: 6, 262144 bytes)
[    8.338021] TCP: Hash tables configured (established 16384 bind 16384)
[    8.492606] UDP hash table entries: 1024 (order: 3, 32768 bytes)
[    8.493932] UDP-Lite hash table entries: 1024 (order: 3, 32768 bytes)
[    8.638764] NET: Registered protocol family 1
[    8.688651] pci 0000:00:00.0: Limiting direct PCI/PCI transfers
[    8.771693] pci 0000:00:01.0: Activating ISA DMA hang workarounds
[    8.822014] Unpacking initramfs...
[   10.736164] Freeing initrd memory: 10844K
[   10.868619] RAPL PMU detected, API unit is 2^-32 Joules, 3 fixed counters 10737418240 ms ovfl timer
[   10.937133] hw unit of domain pp0-core 2^-0 Joules
[   11.073778] hw unit of domain package 2^-0 Joules
[   11.088373] hw unit of domain pp1-gpu 2^-0 Joules
[   11.089606] platform rtc_cmos: registered platform RTC device (no PNP device found)
[   11.091335] Scanning for low memory corruption every 60 seconds
[   11.094744] audit: initializing netlink subsys (disabled)
[   11.158002] audit: type=2000 audit(1521149267.080:1): initialized
[   11.163936] Initialise system trusted keyring
[   11.178964] HugeTLB registered 2 MB page size, pre-allocated 0 pages
[   11.228811] zbud: loaded
[   11.236651] VFS: Disk quotas dquot_6.6.0
[   11.303484] VFS: Dquot-cache hash table entries: 512 (order 0, 4096 bytes)
[   11.482447] squashfs: version 4.0 (2009/01/31) Phillip Lougher
[   11.642618] fuse init (API version 7.23)
[   11.657462] Key type big_key registered
[   11.670985] Allocating IMA MOK and blacklist keyrings.
[   11.842515] Key type asymmetric registered
[   11.940543] Asymmetric key parser 'x509' registered
[   11.941698] Block layer SCSI generic (bsg) driver version 0.4 loaded (major 249)
[   12.130451] tsc: Refined TSC clocksource calibration: 2196.109 MHz
[   12.236292] clocksource: tsc: mask: 0xffffffffffffffff max_cycles: 0x1fa7d705fe6, max_idle_ns: 440795212639 ns
[   12.443874] io scheduler noop registered
[   12.447838] io scheduler deadline registered (default)
[   12.450176] io scheduler cfq registered
[   12.451240] pci_hotplug: PCI Hot Plug PCI Core version: 0.5
[   12.453682] pciehp: PCI Express Hot Plug Controller Driver version: 0.4
[   12.472049] ACPI: AC Adapter [AC] (on-line)
[   12.482191] input: Power Button as /devices/LNXSYSTM:00/LNXPWRBN:00/input/input0
[   12.493215] ACPI: Power Button [PWRF]
[   12.494240] input: Sleep Button as /devices/LNXSYSTM:00/LNXSLPBN:00/input/input1
[   12.594806] ACPI: Sleep Button [SLPF]
[   12.607097] GHES: HEST is not enabled!
[   12.643383] ACPI: Battery Slot [BAT0] (battery present)
[   12.646786] Serial: 8250/16550 driver, 32 ports, IRQ sharing enabled
[   12.731661] 00:02: ttyS0 at I/O 0x3f8 (irq = 4, base_baud = 115200) is a 16550A
[   12.789233] Linux agpgart interface v0.103
[   12.800199] loop: module loaded
[   12.844479] scsi host0: ata_piix
[   12.845627] scsi host1: ata_piix
[   12.846512] ata1: PATA max UDMA/33 cmd 0x1f0 ctl 0x3f6 bmdma 0xd000 irq 14
[   12.847975] ata2: PATA max UDMA/33 cmd 0x170 ctl 0x376 bmdma 0xd008 irq 15
[   12.854472] libphy: Fixed MDIO Bus: probed
[   12.855759] tun: Universal TUN/TAP device driver, 1.6
[   12.891024] tun: (C) 1999-2004 Max Krasnyansky <maxk@qualcomm.com>
[   12.892422] PPP generic driver version 2.4.2
[   12.893501] ehci_hcd: USB 2.0 'Enhanced' Host Controller (EHCI) Driver
[   12.902092] ehci-pci: EHCI PCI platform driver
[   12.903147] ehci-platform: EHCI generic platform driver
[   12.904424] ohci_hcd: USB 1.1 'Open' Host Controller (OHCI) Driver
[   12.913237] ohci-pci: OHCI PCI platform driver
[   12.924678] ohci-platform: OHCI generic platform driver
[   12.927334] uhci_hcd: USB Universal Host Controller Interface driver
[   12.928800] i8042: PNP: PS/2 Controller [PNP0303:PS2K,PNP0f03:PS2M] at 0x60,0x64 irq 1,12
[   13.028370] serio: i8042 KBD port at 0x60,0x64 irq 1
[   13.031029] serio: i8042 AUX port at 0x60,0x64 irq 12
[   13.032326] mousedev: PS/2 mouse device common for all mice
[   13.034173] rtc_cmos rtc_cmos: rtc core: registered rtc_cmos as rtc0
[   13.067097] rtc_cmos rtc_cmos: alarms up to one day, 114 bytes nvram
[   13.213056] input: AT Translated Set 2 keyboard as /devices/platform/i8042/serio0/input/input2
[   13.273871] i2c /dev entries driver
[   13.350776] device-mapper: uevent: version 1.0.3
[   13.351925] device-mapper: ioctl: 4.34.0-ioctl (2015-10-28) initialised: dm-devel@redhat.com
[   13.374869] ledtrig-cpu: registered to indicate activity on CPUs
[   13.377870] NET: Registered protocol family 10
[   13.379104] NET: Registered protocol family 17
[   13.380164] Key type dns_resolver registered
[   13.381382] microcode: CPU0 sig=0x206a7, pf=0x10, revision=0x0
[   13.460039] microcode: CPU1 sig=0x206a7, pf=0x10, revision=0x0
[   13.517547] microcode: Microcode Update Driver: v2.01 <tigran@aivazian.fsnet.co.uk>, Peter Oruba
[   13.553655] registered taskstats version 1
[   13.612289] Loading compiled-in X.509 certificates
[   13.642538] Loaded X.509 cert 'Build time autogenerated kernel key: aa84f01984fbd529c105810b59e379d349698248'
[   13.664857] zswap: loaded using pool lzo/zbud
[   13.682645] Key type trusted registered
[   13.701043] Key type encrypted registered
[   13.771585] AppArmor: AppArmor sha1 policy hashing enabled
[   13.887023] ima: No TPM chip found, activating TPM-bypass!
[   13.894202] evm: HMAC attrs: 0x1
[   13.896750]   Magic number: 10:263:500
[   13.984746] rtc_cmos rtc_cmos: setting system clock to 2018-03-15 21:27:52 UTC (1521149272)
[   13.986915] BIOS EDD facility v0.16 2004-Jun-25, 0 devices found
[   13.989477] EDD information not available.
[   13.992132] Freeing unused kernel memory: 1508K
[   14.010373] Write protecting the kernel read-only data: 14336k
[   14.012211] Freeing unused kernel memory: 1700K
[   14.014717] Freeing unused kernel memory: 104K
Loading, please wait...
[   14.030058] random: systemd-udevd: uninitialized urandom read (16 bytes read, 3 bits of entropy available)
starting version[   14.030666] random: udevadm: uninitialized urandom read (16 bytes read, 3 bits of entropy available)
 229
[   14.030692] random: udevadm: uninitialized urandom read (16 bytes read, 3 bits of entropy available)
[   14.042344] random: udevadm: uninitialized urandom read (16 bytes read, 3 bits of entropy available)
[   14.042404] random: udevadm: uninitialized urandom read (16 bytes read, 3 bits of entropy available)
[   14.042596] random: udevadm: uninitialized urandom read (16 bytes read, 3 bits of entropy available)
[   14.042671] random: udevadm: uninitialized urandom read (16 bytes read, 3 bits of entropy available)
[   14.042766] random: udevadm: uninitialized urandom read (16 bytes read, 3 bits of entropy available)
[   14.042841] random: udevadm: uninitialized urandom read (16 bytes read, 3 bits of entropy available)
[   14.042913] random: udevadm: uninitialized urandom read (16 bytes read, 3 bits of entropy available)
[   14.564703] Fusion MPT base driver 3.04.20
[   14.616382] Copyright (c) 1999-2008 LSI Corporation
[   14.635646] e1000: Intel(R) PRO/1000 Network Driver - version 7.3.21-k8-NAPI
[   14.766906] e1000: Copyright (c) 1999-2006 Intel Corporation.
[   14.888962] input: ImExPS/2 Generic Explorer Mouse as /devices/platform/i8042/serio1/input/input4
[   15.055359] AVX version of gcm_enc/dec engaged.
[   15.078934] AES CTR mode by8 optimization enabled
[   15.081835] Fusion MPT SPI Host driver 3.04.20
[   15.446962] e1000 0000:00:03.0 eth0: (PCI:33MHz:32-bit) 02:2c:d4:57:a0:4b
[   15.468529] e1000 0000:00:03.0 eth0: Intel(R) PRO/1000 Network Connection
[   15.470884] mptbase: ioc0: Initiating bringup
[   15.533819] ioc0: LSI53C1030 A0: Capabilities={Initiator}
[   15.807525] scsi host2: ioc0: LSI53C1030 A0, FwRev=00000000h, Ports=1, MaxQ=256, IRQ=20
[   15.930556] scsi 2:0:0:0: Direct-Access     VBOX     HARDDISK         1.0  PQ: 0 ANSI: 5
[   16.133237] scsi target2:0:0: Beginning Domain Validation
[   16.260269] scsi target2:0:0: Domain Validation skipping write tests
[   16.322790] e1000 0000:00:08.0 eth1: (PCI:33MHz:32-bit) 08:00:27:52:64:1b
[   16.322793] e1000 0000:00:08.0 eth1: Intel(R) PRO/1000 Network Connection
[   16.551848] e1000 0000:00:03.0 enp0s3: renamed from eth0
[   16.873473] scsi target2:0:0: Ending Domain Validation
[   16.968863] scsi target2:0:0: asynchronous
[   16.995308] scsi 2:0:1:0: Direct-Access     VBOX     HARDDISK         1.0  PQ: 0 ANSI: 5
[   17.001891] e1000 0000:00:08.0 enp0s8: renamed from eth1
[   17.309942] scsi target2:0:1: Beginning Domain Validation
[   17.392333] scsi target2:0:1: Domain Validation skipping write tests
[   17.548625] scsi target2:0:1: Ending Domain Validation
[   17.695726] scsi target2:0:1: asynchronous
[   17.824032] sd 2:0:0:0: Attached scsi generic sg0 type 0
[   17.947143] sd 2:0:0:0: [sda] 41943040 512-byte logical blocks: (21.5 GB/20.0 GiB)
[   18.064074] sd 2:0:1:0: [sdb] 20480 512-byte logical blocks: (10.5 MB/10.0 MiB)
[   18.069817] sd 2:0:1:0: Attached scsi generic sg1 type 0
[   18.079583] sd 2:0:0:0: [sda] Write Protect is off
[   18.081039] sd 2:0:0:0: [sda] Incomplete mode parameter data
[   18.085143] sd 2:0:0:0: [sda] Assuming drive cache: write through
[   18.085200] sd 2:0:1:0: [sdb] Write Protect is off
[   18.085383] sd 2:0:1:0: [sdb] Incomplete mode parameter data
[   18.085385] sd 2:0:1:0: [sdb] Assuming drive cache: write through
[   18.092997] sd 2:0:1:0: [sdb] Attached SCSI disk
[   18.125477] floppy0: no floppy controllers found
[   18.125528] work still pending
[   18.246570]  sda: sda1
[   18.249624] sd 2:0:0:0: [sda] Attached SCSI disk
Begin: Loading e[   19.685795] md: linear personality registered for level -1
ssential drivers[   19.783561] md: multipath personality registered for level -4
 ... [   19.796561] md: raid0 personality registered for level 0
[   19.819294] md: raid1 personality registered for level 1
[   19.957616] raid6: sse2x1   gen()  7339 MB/s
[   20.073456] raid6: sse2x1   xor()  5473 MB/s
[   20.157565] raid6: sse2x2   gen()  9171 MB/s
[   20.237616] raid6: sse2x2   xor()  6124 MB/s
[   20.337707] raid6: sse2x4   gen() 10336 MB/s
[   20.501370] raid6: sse2x4   xor()  7784 MB/s
[   20.558065] raid6: using algorithm sse2x4 gen() 10336 MB/s
[   20.559310] raid6: .... xor() 7784 MB/s, rmw enabled
[   20.562027] raid6: using ssse3x2 recovery algorithm
[   20.564527] xor: automatically using best checksumming function:
[   20.653484]    avx       : 15718.000 MB/sec
[   20.673402] async_tx: api initialized (async)
[   20.787512] md: raid6 personality registered for level 6
[   20.920235] md: raid5 personality registered for level 5
[   21.017770] md: raid4 personality registered for level 4
[   21.088741] md: raid10 personality registered for level 10
done.
Begin: Running /scripts/init-p[   21.252285] Btrfs loaded
remount ... done.
Begin: Mounting root file system ... Begin: Running /scripts/[   21.349297] EXT4-fs (sda1): mounted filesystem with ordered data mode. Opts: (null)
local-top ... done.
Begin: Running /scripts/local-premount ... Scanning for Btrfs filesystems
done.
Warning: fsck not present, so skipping root file system
done.
Begin: Running /scripts/local-bottom ... done.
Begin: Running /scripts/init-bottom ... done.
[   21.565073] systemd[1]: systemd 229 running in system mode. (+PAM +AUDIT +SELINUX +IMA +APPARMOR +SMACK +SYSVINIT +UTMP +LIBCRYPTSETUP +GCRYPT +GNUTLS +ACL +XZ -LZ4 +SECCOMP +BLKID +ELFUTILS +KMOD -IDN)
[   21.598919] systemd[1]: Detected virtualization oracle.
[   21.600076] systemd[1]: Detected architecture x86-64.

Welcome to [1mUbuntu 16.04.4 LTS[0m!

[   21.663664] systemd[1]: Set hostname to <ubuntu>.
[   21.752235] systemd[1]: Initializing machine ID from random generator.
[   21.782429] systemd[1]: Installed transient /etc/machine-id file.
[   22.069884] systemd[1]: Listening on Syslog Socket.
[[0;32m  OK  [0m] Listening on Syslog Socket.
[   22.179534] systemd[1]: Listening on LVM2 poll daemon socket.
[[0;32m  OK  [0m] Listening on LVM2 poll daemon socket.
[   22.258005] systemd[1]: Listening on Journal Audit Socket.
[[0;32m  OK  [0m] Listening on Journal Audit Socket.
[   22.310630] systemd[1]: Started Trigger resolvconf update for networkd DNS.
[[0;32m  OK  [0m] Started Trigger resolvconf update for networkd DNS.
[   22.399003] systemd[1]: Listening on Journal Socket.
[[0;32m  OK  [0m] Listening on Journal Socket.
[   22.430906] systemd[1]: Reached target Encrypted Volumes.
[[0;32m  OK  [0m] Reached target Encrypted Volumes.
[   22.503008] systemd[1]: Listening on /dev/initctl Compatibility Named Pipe.
[[0;32m  OK  [0m] Listening on /dev/initctl Compatibility Named Pipe.
[   22.678474] systemd[1]: Listening on LVM2 metadata daemon socket.
[[0;32m  OK  [0m] Listening on LVM2 metadata daemon socket.
[   22.794095] systemd[1]: Listening on Device-mapper event daemon FIFOs.
[[0;32m  OK  [0m] Listening on Device-mapper event daemon FIFOs.
[   22.937970] systemd[1]: Listening on udev Control Socket.
[[0;32m  OK  [0m] Listening on udev Control Socket.
[   23.126298] systemd[1]: Listening on udev Kernel Socket.
[[0;32m  OK  [0m] Listening on udev Kernel Socket.
[   23.233754] systemd[1]: Listening on Journal Socket (/dev/log).
[[0;32m  OK  [0m] Listening on Journal Socket (/dev/log).
[   23.310677] systemd[1]: Created slice System Slice.
[[0;32m  OK  [0m] Created slice System Slice.
[   23.385798] systemd[1]: Starting Create list of required static device nodes for the current kernel...
         Starting Create list of required st... nodes for the current kernel...
[   23.529839] systemd[1]: Starting Nameserver information manager...
         Starting Nameserver information manager...
[   23.675823] systemd[1]: Created slice system-serial\x2dgetty.slice.
[[0;32m  OK  [0m] Created slice system-serial\x2dgetty.slice.
[   23.749558] systemd[1]: Starting Monitoring of LVM2 mirrors, snapshots etc. using dmeventd or progress polling...
         Starting Monitoring of LVM2 mirrors... dmeventd or progress polling...
[   23.845961] systemd[1]: Mounting POSIX Message Queue File System...
         Mounting POSIX Message Queue File System...
[   23.925977] systemd[1]: Mounting Huge Pages File System...
         Mounting Huge Pages File System...
[   24.061866] systemd[1]: Starting Uncomplicated firewall...
[   24.063521] random: nonblocking pool is initialized
         Starting Uncomplicated firewall...
[   24.218215] systemd[1]: Starting Remount Root and Kernel File Systems...
[   24.221747] EXT4-fs (sda1): re-mounted. Opts: (null)
         Starting Remount Root and Kernel File Systems...
[   24.397521] systemd[1]: Mounting Debug File System...
         Mounting Debug File System...
[   24.501589] systemd[1]: Starting Set console keymap...
         Starting Set console keymap...
[   24.618007] systemd[1]: Starting Load Kernel Modules...
         Starting Load Kernel Mo[   24.690355] Loading iSCSI transport class v2.0-870.
dules...
[   24.790291] systemd[1]: Started Forward Password Requests to Wall Directory Watch.
[[0;32m  OK  [0m] Started Forward Password Req[   24.800072] iscsi: registered transport (tcp)
uests to Wall Directory Watch.
[   24.824127] systemd[1]: Reached target Swap.
[[0;32m  OK  [0m] Reached target Swap.
[   24.849635] systemd[1]: Starting Journal Service...
[   24.859085] iscsi: registered transport (iser)
         Starting Journal Service...
[   24.873987] systemd[1]: Created slice User and Session Slice.
[[0;32m  OK  [0m] Created slice User and Session Slice.
[   25.014567] systemd[1]: Reached target Slices.
[[0;32m  OK  [0m] Reached target Slices.
[   25.202845] systemd[1]: Reached target User and Group Name Lookups.
[[0;32m  OK  [0m] Reached target User and Group Name Lookups.
[   25.412605] systemd[1]: Set up automount Arbitrary Executable File Formats File System Automount Point.
[[0;32m  OK  [0m] Set up automount Arbitrary Executab...ats File System Automount Point.
[   25.741026] systemd[1]: Mounted Debug File System.
[[0;32m  OK  [0m] Mounted Debug File System.
[   25.826406] systemd[1]: Mounted Huge Pages File System.
[[0;32m  OK  [0m] Mounted Huge Pages File System.
[   26.082173] systemd[1]: Mounted POSIX Message Queue File System.
[[0;32m  OK  [0m] Mounted POSIX Message Queue File System.
[   26.322558] systemd[1]: Started Journal Service.
[[0;32m  OK  [0m] Started Journal Service.
[[0;32m  OK  [0m] Started Create list of required sta...ce nodes for the current kernel.
[[0;32m  OK  [0m] Started Uncomplicated firewall.
[[0;32m  OK  [0m] Started Remount Root and Kernel File Systems.
[[0;32m  OK  [0m] Started Set console keymap.
[[0;32m  OK  [0m] Started Load Kernel Modules.
[[0;32m  OK  [0m] Started Nameserver information manager.
[[0;32m  OK  [0m] Started LVM2 metadata daemon.
         Mounting FUSE Control File System...
         Starting Apply Kernel Variables...
         Starting udev Coldplug all Devices...
         Starting Initial cloud-init job (pre-networking)...
         Starting Load/Save Random Seed...
         Starting Create Static Device Nodes in /dev...
         Starting Flush Journal to Persistent Storage...
[[0;32m  OK  [0m] Mounted FUSE Control File System.
[[0;32m  OK  [0m] Started Apply Kernel Variables.
[[0;32m  OK  [0m] Started Load/Save Random Seed.
[[0;32m  OK  [0m] Started Create Static Device Nodes in /dev.
[[0;32m  OK  [0m] Started Monitoring of LVM2 mirrors,...ng dmeventd or progress polling.
[[0;32m  OK  [0m] Started udev Coldplug all Devices.
[[0;32m  OK  [0m] Started Flush Journal to Persistent Storage.
         Starting udev Kernel Device Manager...
[[0;32m  OK  [0m] Started udev Kernel Device Manager.
[[0;32m  OK  [0m] Reached target Local File Systems (Pre).
[[0;32m  OK  [0m] Reached target Local File Systems.
         Starting Commit a transient machine-id on disk...
         Starting LSB: AppArmor initialization...
         Starting Create Volatile Files and Directories...
         Starting Tell Plymouth To Write Out Runtime Data...
         Starting Set console font and keymap...
[[0;32m  OK  [0m] Started Dispatch Password Requests to Console Directory Watch.
[[0;32m  OK  [0m] Started Commit a transient machine-id on disk.
[   21.155381] cloud-init[452]: Cloud-init v. 17.2 running 'init-local' at Thu, 15 Mar 2018 21:28:06 +0000. Up 20.76 seconds.
[[0;32m  OK  [0m] Started Create Volatile Files and Directories.
[[0;32m  OK  [0m] Started Tell Plymouth To Write Out Runtime Data.
[[0;32m  OK  [0m] Started Initial cloud-init job (pre-networking).
[[0;32m  OK  [0m] Started Set console font and keymap.
[[0;32m  OK  [0m] Found device /dev/ttyS0.
[[0;32m  OK  [0m] Listening on Load/Save RF Kill Switch Status /dev/rfkill Watch.
[[0;32m  OK  [0m] Created slice system-getty.slice.
[[0;32m  OK  [0m] Reached target Network (Pre).
         Starting Update UTMP about System Boot/Shutdown...
[[0;32m  OK  [0m] Reached target System Time Synchronized.
[[0;32m  OK  [0m] Started Update UTMP about System Boot/Shutdown.
[[0;32m  OK  [0m] Started LSB: AppArmor initialization.
         Starting Raise network interfaces...
[[0;32m  OK  [0m] Started Raise network interfaces.
         Starting Initial cloud-init job (metadata service crawler)...
[[0;32m  OK  [0m] Reached target Network.
[   25.228583] cloud-init[956]: Cloud-init v. 17.2 running 'init' at Thu, 15 Mar 2018 21:28:10 +0000. Up 24.54 seconds.
[   25.340693] cloud-init[956]: ci-info: ++++++++++++++++++++++++++++++++++++++Net device info++++++++++++++++++++++++++++++++++++++
[   25.340987] cloud-init[956]: ci-info: +--------+-------+----------------------------+---------------+-------+-------------------+
[[0;32m  OK  [0m] Started Initial cloud-init job (metadata service crawler).
[   25.341177] cloud-init[956]: ci-info: | Device |   Up  |          Address           |      Mask     | Scope |     Hw-Address    |
[   25.868483] cloud-init[956]: ci-info: +--------+-------+----------------------------+---------------+-------+-------------------+
[   25.868860] cloud-init[956]: ci-info: | enp0s3 |  True |         10.0.2.15          | 255.255.255.0 |   .   | 02:2c:d4:57:a0:4b |
[[0;32m  OK  [0m] Reached target Network is Online.
[   25.869048] cloud-init[956]: ci-info: | enp0s3 |  True | fe80::2c:d4ff:fe57:a04b/64 |       .       |  link | 02:2c:d4:57:a0:4b |
[   26.353062] cloud-init[956]: ci-info: | enp0s8 | False |             .              |       .       |   .   | 08:00:27:52:64:1b |
[   26.354064] cloud-init[956]: ci-info: |   lo   |  True |         127.0.0.1          |   255.0.0.0   |   .   |         .         |
         Starting iSCSI initiator daemon (iscsid)...
[   26.354596] cloud-init[956]: ci-info: |   lo   |  True |          ::1/128           |       .       |  host |         .         |
[   26.662448] cloud-init[956]: ci-info: +--------+-------+----------------------------+---------------+-------+-------------------+
[[0;32m  OK  [0m] Reached target Cloud-config availability.
[   26.662849] cloud-init[956]: ci-info: +++++++++++++++++++++++++++Route IPv4 info++++++++++++++++++++++++++++
[   26.953956] cloud-init[956]: ci-info: +-------+-------------+----------+---------------+-----------+-------+
[[0;32m  OK  [0m] Reached target System Initialization.
[   26.954389] cloud-init[956]: ci-info: | Route | Destination | Gateway  |    Genmask    | Interface | Flags |
[   27.313262] cloud-init[956]: ci-info: +-------+-------------+----------+---------------+-----------+-------+
[   27.313830] cloud-init[956]: ci-info: |   0   |   0.0.0.0   | 10.0.2.2 |    0.0.0.0    |   enp0s3  |   UG  |
[[0;32m  OK  [0m] Started ACPI Events Check.
[   27.314120] cloud-init[956]: ci-info: |   1   |   10.0.2.0  | 0.0.0.0  | 255.255.255.0 |   enp0s3  |   U   |
[   27.557909] cloud-init[956]: ci-info: +-------+-------------+----------+---------------+-----------+-------+
[[0;32m  OK  [0m] Reached target Paths.
[   27.558989] cloud-init[956]: Generating public/private rsa key pair.
[   27.821967] cloud-init[956]: Your identification has been saved in /etc/ssh/ssh_host_rsa_key.
[[0;32m  OK  [0m] Started Daily Cleanup of Temporary Directories.
         Starting Socket activation for snappy daemon.
[   27.822301] cloud-init[956]: Your public key has been saved in /etc/ssh/ssh_host_rsa_key.pub.
[   28.211294] cloud-init[956]: The key fingerprint is:
[   28.211667] cloud-init[956]: SHA256:Hrh5T1eh3/6qe7qPoUUxQhq3gNPt/pZj8vjBHFLQUGY root@ubuntu-xenial
[[0;32m  OK  [0m] Started Daily apt download activities.
[   28.211905] cloud-init[956]: The key's randomart image is:
[   28.480879] cloud-init[956]: +---[RSA 2048]----+
[[0;32m  OK  [0m] Listening on ACPID Listen Socket.
[[   28.480996] cloud-init[956]: |       oo.=+E    |
[   28.684899] cloud-init[956]: |      o .*.=.    |
[0;32m  OK  [0m] Started Timer to automatically refresh installed snaps.
[   28.685057] cloud-init[956]: |       ...o + .  |
[   28.829148] cloud-init[956]: |       .  .o + . |
[[0;32m  OK  [0m] Listening on UUID daemon activation socket.
[[   28.829365] cloud-init[956]: |      . S.. + .  |
[   28.989457] cloud-init[956]: |       + ..= + . |
[0;32m  OK  [0m] Started Daily apt upgrade and clean activities.
[   28.989618] cloud-init[956]: |      o o ..B.. .|
[   28.997890] cloud-init[956]: |       . o.=*+.. |
[[0;32m  OK  [0m] Reached target Timers.
[   28.998160] cloud-init[956]: |          +*OOo.+|
[   29.189251] cloud-init[956]: +----[SHA256]-----+
[   29.189701] cloud-init[956]: Generating public/private dsa key pair.
         Starting LXD - unix socket.
[   29.189931] cloud-init[956]: Your identification has been saved in /etc/ssh/ssh_host_dsa_key.
[   29.349656] cloud-init[956]: Your public key has been saved in /etc/ssh/ssh_host_dsa_key.pub.
[[0;32m  OK  [0m] Listening on D-Bus System Message Bus Socket.
[   29.349812] cloud-init[956]: The key fingerprint is:
[   29.644682] cloud-init[956]: SHA256:lZQ/1KP5OXre3CTlHt1sVEWDrZypLTjpnFGGDuFfbCc root@ubuntu-xenial
[[0;32m  OK  [0m] Listening on Socket activation for snappy daemon.
[[0;32m  OK  [0m] Listening on LXD - unix socket.
[[0;32m  OK  [0m] Started iSCSI initiator daemon (iscsid).
[   29.735981] cloud-init[956]: The key's randomart image is:
[   29.973277] cloud-init[956]: +---[DSA 1024]----+
[   30.016683] cloud-init[956]: |          .. .ooo|
[   30.092605] cloud-init[956]: |       . .....o.o|
[   30.152819] cloud-init[956]: |      . . =o.o+..|
[   30.189068] cloud-init[956]: |       o o E=*  .|
[   30.216532] cloud-init[956]: |        S B =o .o|
         Starting Login to default iSCSI targets...
[[0;32m  OK  [0m] Reached target Sockets.
[[0;32m  OK  [0m] Reached target Basic System.
[   30.255402] cloud-init[956]: |         B o .+=o|
[   30.448105] cloud-init[956]: |        o + ...oB|
[   30.500762] cloud-init[956]: |         +  . .Bo|
[   30.577018] cloud-init[956]: |             o. =|
[   30.608569] cloud-init[956]: +----[SHA256]-----+
[[0;32m  OK  [0m] Started Deferred execution scheduler.
[   30.663828] cloud-init[956]: Generating public/private ecdsa key pair.
[   30.804336] cloud-init[956]: Your identification has been saved in /etc/ssh/ssh_host_ecdsa_key.
[   30.900314] cloud-init[956]: Your public key has been saved in /etc/ssh/ssh_host_ecdsa_key.pub.
         Starting Apply the settings specified in cloud-config...
[   30.989792] cloud-init[956]: The key fingerprint is:
         Starting System Logging Service...
[   31.086837] cloud-init[956]: SHA256:p4rK19jMmKxd2y0/K5WxIWks4xh0wy/6xlvHaELsmeQ root@ubuntu-xenial
         Starting LSB: MD monitoring daemon...
[[0;32m  OK  [0m] Started Unattended Upgrades Shutdown.
[   31.226754] cloud-init[956]: The key's randomart image is:
[   31.376694] [cloud-init[0;32m  OK  [0m[956]: ] +---[ECDSA 256]---+Started Regular background program processing daemon.

[[0;32m  OK  [0m] Started ACPI event daemon.
[   31.467434] cloud-init[956]: |     .           |
         Starting LSB: Record successful boot for GRUB...
[   31.567377] cloud-init[956]: |    . +          |
         Starting Login Service...
[   31.683433] cloud-init[956]: |   . . + .       |
[   31.772548] [cloud-init[0;32m  OK  [0m[956]: ] |    ..+ * o      |Started D-Bus System Message Bus.

[   31.773225] cloud-init[956]: |     =+=S..=     |
[   31.864687]          cloud-initStarting Accounts Service...[956]: 
|    o=.o =+      |
[   31.940419]          cloud-initStarting Pollinate to seed the pseudo random number generator...[956]: 
|   . @E =.o      |
[   31.977964] [[0;32m  OK  [0m] Started FUSE filesystem for LXC.
cloud-init[956]: | . .*oOBoo.      |
[   32.020475]          cloud-initStarting /etc/rc.local Compatibility...[956]: 
|  ++o.+..++o     |
[   32.021135] cloud-init[956]: +----[SHA256]-----+
[   32.108521]          cloud-initStarting LXD - container startup/shutdown...[956]: 
Generating public/private ed25519 key pair.
[   32.109348] cloud-init[956]: Your identification has been saved in /etc/ssh/ssh_host_ed25519_key.
[   32.284743]          cloud-initStarting Snappy daemon...[956]: 
Your public key has been saved in /etc/ssh/ssh_host_ed25519_key.pub.
[   32.372534] [cloud-init[0;32m  OK  [0m[956]: ] The key fingerprint is:Started System Logging Service.

[[0;32m  OK  [0m] Started Snappy daemon.
[   32.373255] cloud-init[956]: SHA256:YuGGkabf5OCR0Q8iymJ/xYsAtvNLjePL/GPiK0fcwEw root@ubuntu-xenial
[[0;32m  OK  [0m] Started /etc/rc.local Compatibility.
[[0;32m  OK  [0m] Started Pollinate to seed the pseudo random number generator.
[[0;32m  OK  [0m] Started Apply the settings specified in cloud-config.
[[0;32m  OK  [0m] Started LXD - container startup/shutdown.
[   32.598891] cloud-init[956]: The key's randomart image is:
[   32.908580] cloud-init[956]: +--[ED25519 256]--+
[   32.960613] cloud-init[956]: |                 |
[[0;32m  OK  [0m] Started Login to default iSCSI targets.
[[0;32m  OK  [0m] Started LSB: MD monitoring daemon.
[   33.036579] cloud-init[956]: |   E o           |
[   33.225179] cloud-init[956]: | o= * +          |
[   33.225699] cloud-init[956]: |o.oB B.+         |
[[0;32m  OK  [0m] Started LSB: Record successful boot for GRUB.
[   33.225873] cloud-init[956]: |o=o.B *oS        |
[   33.369312] cloud-init[956]: |o +=+Xo..        |
[   33.369840] cloud-init[956]: |  .*o+o.         |
[[0;32m  OK  [0m] Started Login Service.
[   33.370074] cloud-init[956]: | .=o+o           |
         [   33.484853] Starting Authenticate and Authorize Users to Run Privileged Tasks...cloud-init
[956]: |  +O*..          |
[   33.620531] cloud-init[956]: +----[SHA256]-----+
[[0;32m  OK  [0m] Reached target Remote File Systems (Pre).
[   33.623343] cloud-init[1060]: Generating locales (this might take a while)...
[   33.762420] cloud-init[1060]:   en_US.UTF-8... done
[[0;32m  OK  [0m] Reached target Remote File Systems.
[   33.762805] cloud-init[1060]: Generation complete.
[   33.982553] cloud-init[1060]: Cloud-init v. 17.2 running 'modules:config' at Thu, 15 Mar 2018 21:28:16 +0000. Up 31.05 seconds.
         Starting LSB: Set the CPU Frequency Scaling governor to "ondemand"...
         Starting LSB: automatic crash report generation...
         Starting Permit User Sessions...
         Starting LSB: VirtualBox Linux Additions...
         Starting LSB: daemon to balance interrupts for SMP systems...
         Starting OpenBSD Secure Shell server...
[[0;32m  OK  [0m] Started OpenBSD Secure Shell server.
[[0;32m  OK  [0m] Started Permit User Sessions.
[[0;32m  OK  [0m] Started Authenticate and Authorize Users to Run Privileged Tasks.
[[0;32m  OK  [0m] Started Accounts Service.
[[0;32m  OK  [0m] Started LSB: Set the CPU Frequency Scaling governor to "ondemand".
[[0;32m  OK  [0m] Started LSB: automatic crash report generation.
         Starting Terminate Plymouth Boot Screen...
         Starting Hold until boot process finishes up...
[[0;32m  OK  [0m] Started LSB: VirtualBox Linux Additions.
[[0;32m  OK  [0m] Started LSB: daemon to balance interrupts for SMP systems.
[[0;32m  OK  [0m] Started Terminate Plymouth Boot Screen.
[[0;32m  OK  [0m] Started Hold until boot process finishes up.
[[0;32m  OK  [0m] Started Serial Getty on ttyS0.
[[0;32m  OK  [0m] Started Getty on tty1.
[[0;32m  OK  [0m] Reached target Login Prompts.
         Starting Set console scheme...
[[0;32m  OK  [0m] Reached target Multi-User System.
         Starting Execute cloud user/final scripts...
[[0;32m  OK  [0m] Reached target Graphical Interface.
         Starting Update UTMP about System Runlevel Changes...
[[0;32m  OK  [0m] Started Set console scheme.
[[0;32m  OK  [0m] Started Update UTMP about System Runlevel Changes.
[[0;32m  OK  [0m] Created slice User Slice of vagrant.
[[0;32m  OK  [0m] Started Session 1 of user vagrant.
         Starting User Manager for UID 1000...
[[0;32m  OK  [0m] Started User Manager for UID 1000.
ci-info: no authorized ssh keys fingerprints found for user ubuntu.
<14>Mar 15 21:28:21 ec2: 
<14>Mar 15 21:28:21 ec2: #############################################################
<14>Mar 15 21:28:21 ec2: -----BEGIN SSH HOST KEY FINGERPRINTS-----
<14>Mar 15 21:28:21 ec2: 1024 SHA256:lZQ/1KP5OXre3CTlHt1sVEWDrZypLTjpnFGGDuFfbCc root@ubuntu-xenial (DSA)
<14>Mar 15 21:28:21 ec2: 256 SHA256:p4rK19jMmKxd2y0/K5WxIWks4xh0wy/6xlvHaELsmeQ root@ubuntu-xenial (ECDSA)
<14>Mar 15 21:28:21 ec2: 256 SHA256:YuGGkabf5OCR0Q8iymJ/xYsAtvNLjePL/GPiK0fcwEw root@ubuntu-xenial (ED25519)
<14>Mar 15 21:28:21 ec2: 2048 SHA256:Hrh5T1eh3/6qe7qPoUUxQhq3gNPt/pZj8vjBHFLQUGY root@ubuntu-xenial (RSA)
<14>Mar 15 21:28:21 ec2: -----END SSH HOST KEY FINGERPRINTS-----
<14>Mar 15 21:28:21 ec2: #############################################################
-----BEGIN SSH HOST KEY KEYS-----
ecdsa-sha2-nistp256 AAAAE2VjZHNhLXNoYTItbmlzdHAyNTYAAAAIbmlzdHAyNTYAAABBBFn7pJ8019yFB9HIrXJjpXHXwbwM7hnyFhzNuTRbUAzFFUzKjPGiOdLvDeusSmAzhmLdk8EKCAw1DWs1rtnJEOg= root@ubuntu-xenial
ssh-ed25519 AAAAC3NzaC1lZDI1NTE5AAAAIFlkXSJFGADB/gqADPg1+Hq9457C1A/asvH2IJS9Wkg3 root@ubuntu-xenial
ssh-rsa AAAAB3NzaC1yc2EAAAADAQABAAABAQC+gL0tFw9Lcvr4+TZD+lbfXy6DkZhSDQz4ca6+qV2bd9qDtUroUkvg/RIlrDgBH6TETrv/Z5b6Mu/A43fvoJO9ILaek8vSufeJbp7S5LBtdPkwxLAwuXOJmDEO7Uir1tUMYW8MZ/M+CpGSZrd7q7tvsSNLusdQjEtuNvAOBxCCZQZf23jDBQp/oqHPnQyz2nfOs9b2R9H94sCLXpFpeQIv1klCA5h+PcxHfl1sbXsstD3wnXIT746PPz/peceqv2PakcGKpql7pMjl+GjphL0OemsfJ2GnFiW5h5TgOBXUwfhOB9ZzDfM/ISCKmSl0XuYep6Pqis9LXdi7SSDGIENL root@ubuntu-xenial
-----END SSH HOST KEY KEYS-----
[   37.229774] cloud-init[1307]: Cloud-init v. 17.2 running 'modules:final' at Thu, 15 Mar 2018 21:28:21 +0000. Up 35.86 seconds.
[   37.316926] cloud-init[1307]: ci-info: no authorized ssh keys fingerprints found for user ubuntu.
[   37.401076] cloud-init[1307]: Cloud-init v. 17.2 finished at Thu, 15 Mar 2018 21:28:22 +0000. Datasource DataSourceNoCloud [seed=/dev/sdb][dsmode=net].  Up 37.22 seconds
[[0;32m  OK  [0m] Started Execute cloud user/final scripts.
[[0;32m  OK  [0m] Reached target Cloud-init target.

Ubuntu 16.04.4 LTS ubuntu-xenial ttyS0

ubuntu-xenial login:          Sn         Stopping LSB: start Samba daemons for the AD DC...
         Stopping LSB: VirtualBox Linux Additions...
         Stopping LSB: Record successful boot for GRUB...
         Stopping Deferred execution scheduler...
         Stopping LXD - container startup/shutdown...
         Stopping FUSE filesystem for LXC...
         Stopping LSB: MD monitoring daemon...
         Stopping D-Bus System Message Bus...
         Stopping Regular background program processing daemon...
         Stopping OpenBSD Secure Shell server...
         Stopping LSB: daemon to balance interrupts for SMP systems...
         Stopping Docker Application Container Engine...
         Stopping LSB: automatic crash report generation...
         Stopping Unattended Upgrades Shutdown...
         Stopping System Logging Service...
         Stopping Snappy daemon...
         Stopping LSB: start Samba SMB/CIFS daemon (smbd)...
         Stopping LSB: Set the CPU Frequency Scaling governor to "ondemand"...
[[0;32m  OK  [0m] Unmounted /run/docker/netns/41672c56796a.
[[0;32m  OK  [0m] Unmounted /var/lib/docker/container...dca8e5014e431d6761edb3d4f11/shm.
[[0;32m  OK  [0m] Unmounted /var/lib/docker/overlay2/...f71ad6cc6babd0ff794b452f/merged.
[[0;32m  OK  [0m] Unmounted /run/docker/netns/1c453b868ce0.
[[0;32m  OK  [0m] Unmounted /var/lib/docker/container...2cf22a840a7831c53dd831c2853/shm.
[[0;32m  OK  [0m] Unmounted /var/lib/docker/overlay2/...dcdc05178b4d0f05cd5cb8c4/merged.
[[0;32m  OK  [0m] Unmounted /run/docker/netns/efe421f9a20c.
[[0;32m  OK  [0m] Unmounted /var/lib/docker/container...65418cb05c1a3947b4106cbfe69/shm.
[[0;32m  OK  [0m] Unmounted /var/lib/docker/overlay2/...19553c1b0e3b872cf07c411c/merged.
[[0;32m  OK  [0m] Unmounted /var/lib/docker/overlay2.
[[0;32m  OK  [0m] Unmounted /var/lib/docker/plugins.
[[0;32m  OK  [0m] Unmounted /var/lib/lxcfs.
[[0;32m  OK  [0m] Stopped Deferred execution scheduler.
[[0;32m  OK  [0m] Stopped System Logging Service.
[[0;32m  OK  [0m] Stopped Regular background program processing daemon.
[[0;32m  OK  [0m] Stopped ACPI event daemon.
[[0;32m  OK  [0m] Stopped Accounts Service.
[[0;32m  OK  [0m] Stopped Snappy daemon.
[[0;32m  OK  [0m] Stopped Authenticate and Authorize Users to Run Privileged Tasks.
[[0;32m  OK  [0m] Stopped OpenBSD Secure Shell server.
[[0;32m  OK  [0m] Stopped Serial Getty on ttyS0.
[[0;32m  OK  [0m] Stopped Getty on tty1.
[[0;32m  OK  [0m] Stopped Docker Application Container Engine.
[[0;32m  OK  [0m] Stopped User Manager for UID 1000.
[[0;32m  OK  [0m] Stopped Session 4 of user vagrant.
[[0;32m  OK  [0m] Stopped D-Bus System Message Bus.
[[0;32m  OK  [0m] Stopped Unattended Upgrades Shutdown.
[[0;32m  OK  [0m] Stopped FUSE filesystem for LXC.
[[0;32m  OK  [0m] Stopped LSB: Record successful boot for GRUB.
[[0;32m  OK  [0m] Stopped LSB: VirtualBox Linux Additions.
[[0;32m  OK  [0m] Stopped LXD - container startup/shutdown.
[[0;32m  OK  [0m] Stopped LSB: MD monitoring daemon.
[[0;32m  OK  [0m] Stopped LSB: daemon to balance interrupts for SMP systems.
[[0;32m  OK  [0m] Stopped LSB: automatic crash report generation.
[[0;32m  OK  [0m] Stopped LSB: Set the CPU Frequency Scaling governor to "ondemand".
[[0;32m  OK  [0m] Removed slice User Slice of vagrant.
         Stopping Login Service...
[[0;32m  OK  [0m] Removed slice system-getty.slice.
         Stopping Permit User Sessions...
[[0;32m  OK  [0m] Stopped /etc/rc.local Compatibility.
[[0;32m  OK  [0m] Removed slice system-serial\x2dgetty.slice.
[[0;32m  OK  [0m] Stopped Login Service.
[[0;32m  OK  [0m] Stopped Permit User Sessions.
[[0;32m  OK  [0m] Stopped LSB: start Samba daemons for the AD DC.
[[0;32m  OK  [0m] Stopped target User and Group Name Lookups.
[[0;32m  OK  [0m] Stopped LSB: start Samba SMB/CIFS daemon (smbd).
         Stopping LSB: start Samba NetBIOS nameserver (nmbd)...
[[0;32m  OK  [0m] Stopped LSB: start Samba NetBIOS nameserver (nmbd).
[[0;32m  OK  [0m] Stopped target Basic System.
[[0;32m  OK  [0m] Stopped target Sockets.
[[0;32m  OK  [0m] Closed ACPID Listen Socket.
[[0;32m  OK  [0m] Closed D-Bus System Message Bus Socket.
[[0;32m  OK  [0m] Closed Docker Socket for the API.
[[0;32m  OK  [0m] Closed UUID daemon activation socket.
[[0;32m  OK  [0m] Closed Socket activation for snappy daemon.
[[0;32m  OK  [0m] Closed Syslog Socket.
[[0;32m  OK  [0m] Closed LXD - unix socket.
[[0;32m  OK  [0m] Stopped target Paths.
[[0;32m  OK  [0m] Stopped Dispatch Password Requests to Console Directory Watch.
[[0;32m  OK  [0m] Stopped ACPI Events Check.
[[0;32m  OK  [0m] Stopped Forward Password Requests to Wall Directory Watch.
[[0;32m  OK  [0m] Stopped target Slices.
[[0;32m  OK  [0m] Removed slice User and Session Slice.
[[0;32m  OK  [0m] Stopped target Remote File Systems.
[[0;32m  OK  [0m] Stopped target Remote File Systems (Pre).
         Stopping Login to default iSCSI targets...
[[0;32m  OK  [0m] Stopped target System Initialization.
[[0;32m  OK  [0m] Stopped target Encrypted Volumes.
[[0;32m  OK  [0m] Stopped target Swap.
         Stopping Load/Save Random Seed...
[[0;32m  OK  [0m] Stopped Commit a transient machine-id on disk.
         Stopping Update UTMP about System Boot/Shutdown...
[[0;32m  OK  [0m] Stopped Load/Save Random Seed.
[[0;32m  OK  [0m] Stopped Login to default iSCSI targets.
[[0;32m  OK  [0m] Stopped Update UTMP about System Boot/Shutdown.
[[0;32m  OK  [0m] Stopped Create Volatile Files and Directories.
         Stopping iSCSI initiator daemon (iscsid)...
[[0;32m  OK  [0m] Stopped iSCSI initiator daemon (iscsid).
[[0;32m  OK  [0m] Stopped target Network is Online.
[[0;32m  OK  [0m] Stopped Initial cloud-init job (metadata service crawler).
[[0;32m  OK  [0m] Stopped target Network.
         Stopping Raise network interfaces...
[[0;32m  OK  [0m] Stopped Raise network interfaces.
[[0;32m  OK  [0m] Stopped Apply Kernel Variables.
[[0;32m  OK  [0m] Stopped target Network (Pre).
[[0;32m  OK  [0m] Stopped Initial cloud-init job (pre-networking).
[[0;32m  OK  [0m] Stopped target Local File Systems.
         Unmounting /run/user/1000...
         Unmounting /vagrant...
[[0;32m  OK  [0m] Stopped Load Kernel Modules.
[[0;32m  OK  [0m] Unmounted /run/user/1000.
[[0;32m  OK  [0m] Unmounted /vagrant.
[[0;32m  OK  [0m] Reached target Unmount All Filesystems.
[[0;32m  OK  [0m] Stopped target Local File Systems (Pre).
[[0;32m  OK  [0m] Stopped Remount Root and Kernel File Systems.
         Stopping Monitoring of LVM2 mirrors... dmeventd or progress polling...
[[0;32m  OK  [0m] Stopped Create Static Device Nodes in /dev.
[[0;32m  OK  [0m] Reached target Shutdown.
[ 2286.988721] reboot: Power down
